Watching for file changes with StatReloader
Watching for file changes with StatReloader
"GET /api/orders/5d23/item/2 HTTP/1.1" 301 0
Unauthorized: /api/orders/5d23/item/2/
"GET /api/orders/5d23/item/2/ HTTP/1.1" 401 183
"POST /api/token/ HTTP/1.1" 200 534
"GET /api/orders/5d23/item/2 HTTP/1.1" 301 0
"GET /api/orders/5d23/item/2/ HTTP/1.1" 200 49
"GET /api/orders/5d23/item/2 HTTP/1.1" 301 0
"GET /api/orders/5d23/item/2/ HTTP/1.1" 200 49
C:\Users\jmich\Desktop\projet\lm_drive_API\lm_drive_API\orders\views.py changed, reloading.
Watching for file changes with StatReloader
C:\Users\jmich\Desktop\projet\lm_drive_API\lm_drive_API\orders\views.py changed, reloading.
Watching for file changes with StatReloader
C:\Users\jmich\Desktop\projet\lm_drive_API\lm_drive_API\orders\views.py changed, reloading.
Watching for file changes with StatReloader
C:\Users\jmich\Desktop\projet\lm_drive_API\lm_drive_API\orders\views.py changed, reloading.
Watching for file changes with StatReloader
C:\Users\jmich\Desktop\projet\lm_drive_API\lm_drive_API\orders\views.py changed, reloading.
Watching for file changes with StatReloader
"GET /api/orders/5d23/item/2 HTTP/1.1" 301 0
"GET /api/orders/5d23/item/2/ HTTP/1.1" 200 49
C:\Users\jmich\Desktop\projet\lm_drive_API\lm_drive_API\orders\views.py changed, reloading.
Watching for file changes with StatReloader
"GET /api/orders/5d23/item/2 HTTP/1.1" 301 0
"GET /api/orders/5d23/item/2/ HTTP/1.1" 200 49
C:\Users\jmich\Desktop\projet\lm_drive_API\lm_drive_API\orders\views.py changed, reloading.
Watching for file changes with StatReloader
C:\Users\jmich\Desktop\projet\lm_drive_API\lm_drive_API\orders\views.py changed, reloading.
Watching for file changes with StatReloader
C:\Users\jmich\Desktop\projet\lm_drive_API\lm_drive_API\orders\views.py changed, reloading.
Watching for file changes with StatReloader
"GET /api/orders/5d23/item/2 HTTP/1.1" 301 0
"GET /api/orders/5d23/item/2/ HTTP/1.1" 200 49
C:\Users\jmich\Desktop\projet\lm_drive_API\lm_drive_API\lm_drive_API\settings.py changed, reloading.
